2015-07-28T18:40:06+00:00 juicebox#01 I: Start test suite:0:test1.
2015-07-28T18:40:06+00:00 juicebox#01 I: Test suite:0:test1 is successful.
2015-07-28T18:40:06+00:00 juicebox#01 I: End test suite:0:test1.
2015-07-28T18:40:06+00:00 juicebox#01 I: Start test suite:1:test2.
2015-07-28T18:40:06+00:00 juicebox#01 I: Test suite:1:test2 is successful.
2015-07-28T18:40:06+00:00 juicebox#01 I: End test suite:1:test2.
2015-07-28T18:40:06+00:00 juicebox#01 I: Start test suite:2:test3.
2015-07-28T18:40:06+00:00 juicebox#01 I: Test suite:2:test3 is successful.
2015-07-28T18:40:06+00:00 juicebox#01 I: End test suite:2:test3.
2015-07-28T18:40:06+00:00 juicebox#01 I: Start test suite:3:test4.
2015-07-28T18:40:06+00:00 juicebox#01 I: Test suite:3:test4 is successful.
2015-07-28T18:40:06+00:00 juicebox#01 I: End test suite:3:test4.
2015-07-28T18:40:06+00:00 juicebox#01 I: Start test suite:4:test5.
2015-07-28T18:40:06+00:00 juicebox#01 E: Test suite:4:test5 has failed.
2015-07-28T18:40:06+00:00 juicebox#01 E: not equal in test suite:4:test5.
2015-07-28T18:40:06+00:00 juicebox#01 E: Raised at file "src/oUnitAssert.ml", line 45, characters 8-27
2015-07-28T18:40:06+00:00 juicebox#01 E: Called from file "src/oUnitRunner.ml", line 46, characters 13-26
2015-07-28T18:40:06+00:00 juicebox#01 E: 
2015-07-28T18:40:06+00:00 juicebox#01 I: End test suite:4:test5.
2015-07-28T18:40:06+00:00 juicebox#01 I: Start test suite:5:test6.
2015-07-28T18:40:06+00:00 juicebox#01 E: Test suite:5:test6 exited with an error.
2015-07-28T18:40:06+00:00 juicebox#01 E: Not_found in test suite:5:test6.
2015-07-28T18:40:06+00:00 juicebox#01 E: Raised at file "list.ml", line 179, characters 16-25
2015-07-28T18:40:06+00:00 juicebox#01 E: Called from file "rube.ml", line 106, characters 25-68
2015-07-28T18:40:06+00:00 juicebox#01 E: Called from file "test.ml", line 36, characters 44-90
2015-07-28T18:40:06+00:00 juicebox#01 E: Called from file "src/oUnitRunner.ml", line 46, characters 13-26
2015-07-28T18:40:06+00:00 juicebox#01 E: 
2015-07-28T18:40:06+00:00 juicebox#01 I: End test suite:5:test6.
